<?xml version="1.0" encoding="UTF-8"?>
<!-- Generated by org.testng.reporters.JUnitReportReporter -->
<testsuite hostname="DESKTOP-P2G1HQ2" failures="0" tests="1" name="testdd.Fblogintestdd" time="1.542" errors="0" timestamp="2024-01-05T11:38:25 IST" skipped="0">
  <testcase classname="testdd.Fblogintestdd" name="testlogin" time="1.542"/>
  <system-out/>
</testsuite> <!-- testdd.Fblogintestdd -->
