<?xml version="1.0" encoding="UTF-8"?>
<!-- Generated by org.testng.reporters.JUnitReportReporter -->
<testsuite hostname="DESKTOP-P2G1HQ2" failures="0" tests="1" name="testngpkg.Autoitpgm" time="0.247" errors="0" timestamp="2023-12-30T10:51:41 IST" skipped="0">
  <testcase classname="testngpkg.Autoitpgm" name="pdf" time="0.247"/>
  <system-out/>
</testsuite> <!-- testngpkg.Autoitpgm -->
