<?xml version="1.0" encoding="UTF-8"?>
<!-- Generated by org.testng.reporters.JUnitReportReporter -->
<testsuite hostname="DESKTOP-P2G1HQ2" failures="0" tests="1" name="testngpkg.Parametertest" time="0.011" errors="0" timestamp="2023-12-19T10:42:19 IST" skipped="0">
  <testcase classname="testngpkg.Parametertest" name="main" time="0.011"/>
  <system-out/>
</testsuite> <!-- testngpkg.Parametertest -->
