<?xml version="1.0" encoding="UTF-8"?>
<!-- Generated by org.testng.reporters.JUnitReportReporter -->
<testsuite hostname="DESKTOP-P2G1HQ2" failures="0" tests="1" name="testngpkg.Trivagopgm" time="11.446" errors="0" timestamp="2024-01-03T09:47:52 IST" skipped="0">
  <testcase classname="testngpkg.Trivagopgm" name="testlogin" time="11.446"/>
  <system-out/>
</testsuite> <!-- testngpkg.Trivagopgm -->
