<?xml version="1.0" encoding="UTF-8"?>
<!-- Generated by org.testng.reporters.JUnitReportReporter -->
<testsuite hostname="DESKTOP-P2G1HQ2" failures="0" tests="1" name="Test.Fblogintest" time="2.303" errors="0" timestamp="2024-01-04T10:36:54 IST" skipped="0">
  <testcase classname="Test.Fblogintest" name="testlogin" time="2.303"/>
  <system-out/>
</testsuite> <!-- Test.Fblogintest -->
