<?xml version="1.0" encoding="UTF-8"?>
<!-- Generated by org.testng.reporters.JUnitReportReporter -->
<testsuite hostname="DESKTOP-P2G1HQ2" failures="0" tests="1" name="testngpkg.WindowHandle" time="60.002" errors="0" timestamp="2024-01-03T11:20:47 IST" skipped="0">
  <testcase classname="testngpkg.WindowHandle" name="test1" time="60.002"/>
  <system-out/>
</testsuite> <!-- testngpkg.WindowHandle -->
