<?xml version="1.0" encoding="UTF-8"?>
<!-- Generated by org.testng.reporters.JUnitReportReporter -->
<testsuite hostname="DESKTOP-P2G1HQ2" failures="0" tests="1" name="testngpkg.Draganddrop" time="8.903" errors="0" timestamp="2023-12-25T11:09:40 IST" skipped="0">
  <testcase classname="testngpkg.Draganddrop" name="test1" time="8.903"/>
  <system-out/>
</testsuite> <!-- testngpkg.Draganddrop -->
