<?xml version="1.0" encoding="UTF-8"?>
<!-- Generated by org.testng.reporters.JUnitReportReporter -->
<testsuite hostname="DESKTOP-P2G1HQ2" failures="0" tests="1" name="Test.Fbloginpagefactorytest" time="3.041" errors="0" timestamp="2024-01-05T10:53:14 IST" skipped="0">
  <testcase classname="Test.Fbloginpagefactorytest" name="testlogin" time="3.041"/>
  <system-out/>
</testsuite> <!-- Test.Fbloginpagefactorytest -->
