<?xml version="1.0" encoding="UTF-8"?>
<!-- Generated by org.testng.reporters.JUnitReportReporter -->
<testsuite hostname="DESKTOP-P2G1HQ2" failures="0" tests="1" name="testngpkg.Fileupload" time="4.627" errors="0" timestamp="2023-12-30T10:03:41 IST" skipped="0">
  <testcase classname="testngpkg.Fileupload" name="test1" time="4.627"/>
  <system-out/>
</testsuite> <!-- testngpkg.Fileupload -->
