<?xml version="1.0" encoding="UTF-8"?>
<!-- Generated by org.testng.reporters.JUnitReportReporter -->
<testsuite hostname="DESKTOP-P2G1HQ2" failures="0" tests="2" name="testngpkg.Crossbrowsertesting" time="2.847" errors="0" timestamp="2023-12-20T11:29:25 IST" skipped="0">
  <testcase classname="testngpkg.Crossbrowsertesting" name="fb" time="2.105"/>
  <system-out/>
  <testcase classname="testngpkg.Crossbrowsertesting" name="fb" time="0.742"/>
  <system-out/>
</testsuite> <!-- testngpkg.Crossbrowsertesting -->
