<?xml version="1.0" encoding="UTF-8"?>
<!-- Generated by org.testng.reporters.JUnitReportReporter -->
<testsuite hostname="DESKTOP-P2G1HQ2" failures="0" tests="1" name="testngpkg.Taskamazonwindow" time="12.202" errors="0" timestamp="2024-01-05T17:01:03 IST" skipped="0">
  <testcase classname="testngpkg.Taskamazonwindow" name="test1" time="12.202"/>
  <system-out/>
</testsuite> <!-- testngpkg.Taskamazonwindow -->
