<?xml version="1.0" encoding="UTF-8"?>
<!-- Generated by org.testng.reporters.JUnitReportReporter -->
<testsuite hostname="DESKTOP-P2G1HQ2" failures="0" tests="3" name="testngpkg.TestNGgrouping" time="0.017" errors="0" timestamp="2023-12-19T10:22:31 IST" skipped="0">
  <testcase classname="testngpkg.TestNGgrouping" name="main4" time="0.005"/>
  <system-out/>
  <testcase classname="testngpkg.TestNGgrouping" name="main1" time="0.009"/>
  <system-out/>
  <testcase classname="testngpkg.TestNGgrouping" name="main2" time="0.003"/>
  <system-out/>
</testsuite> <!-- testngpkg.TestNGgrouping -->
