<?xml version="1.0" encoding="UTF-8"?>
<!-- Generated by org.testng.reporters.JUnitReportReporter -->
<testsuite hostname="DESKTOP-P2G1HQ2" failures="0" tests="1" name="testngpkg.Fileuppgm" time="4.169" errors="0" timestamp="2023-12-30T10:04:25 IST" skipped="0">
  <testcase classname="testngpkg.Fileuppgm" name="test1" time="4.169"/>
  <system-out/>
</testsuite> <!-- testngpkg.Fileuppgm -->
