<?xml version="1.0" encoding="UTF-8"?>
<!-- Generated by org.testng.reporters.JUnitReportReporter -->
<testsuite hostname="DESKTOP-P2G1HQ2" failures="0" tests="2" name="testngpkg.Taskrishiherbals" time="26.623" errors="0" timestamp="2024-01-03T16:40:35 IST" skipped="0">
  <testcase classname="testngpkg.Taskrishiherbals" name="test1" time="8.720"/>
  <system-out/>
  <testcase classname="testngpkg.Taskrishiherbals" name="test2" time="17.903"/>
  <system-out/>
</testsuite> <!-- testngpkg.Taskrishiherbals -->
