<?xml version="1.0" encoding="UTF-8"?>
<!-- Generated by org.testng.reporters.JUnitReportReporter -->
<testsuite hostname="DESKTOP-P2G1HQ2" failures="0" tests="1" name="testngpkg.Rightclickme" time="4.113" errors="0" timestamp="2023-12-21T11:48:05 IST" skipped="0">
  <testcase classname="testngpkg.Rightclickme" name="test1" time="4.113"/>
  <system-out/>
</testsuite> <!-- testngpkg.Rightclickme -->
