<?xml version="1.0" encoding="UTF-8"?>
<!-- Generated by org.testng.reporters.JUnitReportReporter -->
<testsuite hostname="DESKTOP-P2G1HQ2" failures="0" tests="4" name="testngpkg.TestNgdemo" time="0.028" errors="0" timestamp="2023-12-18T11:03:39 IST" skipped="1">
  <testcase classname="testngpkg.TestNgdemo" name="test2" time="0.013"/>
  <system-out/>
  <testcase classname="testngpkg.TestNgdemo" name="test2" time="0.003"/>
  <system-out/>
  <testcase classname="testngpkg.TestNgdemo" name="test1" time="0.012"/>
  <system-out/>
  <testcase classname="testngpkg.TestNgdemo" name="test3">
    <skipped/>
  </testcase> <!-- test3 -->
  <system-out/>
</testsuite> <!-- testngpkg.TestNgdemo -->
