<?xml version="1.0" encoding="UTF-8"?>
<!-- Generated by org.testng.reporters.JUnitReportReporter -->
<testsuite hostname="DESKTOP-P2G1HQ2" failures="0" tests="1" name="Test.CreatepagetestFb" time="3.534" errors="0" timestamp="2024-01-04T11:09:03 IST" skipped="0">
  <testcase classname="Test.CreatepagetestFb" name="testclick" time="3.534"/>
  <system-out/>
</testsuite> <!-- Test.CreatepagetestFb -->
