<?xml version="1.0" encoding="UTF-8"?>
<!-- Generated by org.testng.reporters.JUnitReportReporter -->
<testsuite hostname="DESKTOP-P2G1HQ2" failures="0" tests="1" name="testngpkg.MovetoelementExplicitwait" time="8.128" errors="0" timestamp="2023-12-26T10:21:18 IST" skipped="0">
  <testcase classname="testngpkg.MovetoelementExplicitwait" name="test1" time="8.128"/>
  <system-out/>
</testsuite> <!-- testngpkg.MovetoelementExplicitwait -->
