<?xml version="1.0" encoding="UTF-8"?>
<!-- Generated by org.testng.reporters.JUnitReportReporter -->
<testsuite hostname="DESKTOP-P2G1HQ2" failures="0" tests="1" name="testngpkg.Explicitwaitmovetoelement" time="6.135" errors="0" timestamp="2024-01-03T13:31:09 IST" skipped="0">
  <testcase classname="testngpkg.Explicitwaitmovetoelement" name="test1" time="6.135"/>
  <system-out/>
</testsuite> <!-- testngpkg.Explicitwaitmovetoelement -->
