<?xml version="1.0" encoding="UTF-8"?>
<!-- Generated by org.testng.reporters.JUnitReportReporter -->
<testsuite hostname="DESKTOP-P2G1HQ2" failures="0" tests="1" name="testngpkg.Notificationpgm" time="2.767" errors="0" timestamp="2024-01-03T00:32:44 IST" skipped="0">
  <testcase classname="testngpkg.Notificationpgm" name="url" time="2.767"/>
  <system-out/>
</testsuite> <!-- testngpkg.Notificationpgm -->
