<?xml version="1.0" encoding="UTF-8"?>
<!-- Generated by org.testng.reporters.JUnitReportReporter -->
<testsuite hostname="DESKTOP-P2G1HQ2" failures="0" tests="1" name="testngpkg.Copypasterediff" time="3.705" errors="0" timestamp="2023-12-21T10:13:50 IST" skipped="0">
  <testcase classname="testngpkg.Copypasterediff" name="test1" time="3.705"/>
  <system-out/>
</testsuite> <!-- testngpkg.Copypasterediff -->
